<?xml version="1.0" encoding="UTF-8"?>
<!-- Generated by org.testng.reporters.JUnitReportReporter -->
<testsuite hostname="DESKTOP-34EGUV4" failures="0" tests="20" name="com.webop.testcases.Booking_flow_testcases_60_80" time="0.000" errors="0" timestamp="2022-07-01T22:01:09 PKT" skipped="20">
  <testcase classname="com.webop.testcases.Booking_flow_testcases_60_80" name="Booked_Job_61" time="0.000">
    <skipped/>
  </testcase> <!-- Booked_Job_61 -->
  <testcase classname="com.webop.testcases.Booking_flow_testcases_60_80" name="Booked_Job_62" time="0.000">
    <skipped/>
  </testcase> <!-- Booked_Job_62 -->
  <testcase classname="com.webop.testcases.Booking_flow_testcases_60_80" name="Booked_Job_63" time="0.000">
    <skipped/>
  </testcase> <!-- Booked_Job_63 -->
  <testcase classname="com.webop.testcases.Booking_flow_testcases_60_80" name="Booked_Job_64" time="0.000">
    <skipped/>
  </testcase> <!-- Booked_Job_64 -->
  <testcase classname="com.webop.testcases.Booking_flow_testcases_60_80" name="Booked_Job_65" time="0.000">
    <skipped/>
  </testcase> <!-- Booked_Job_65 -->
  <testcase classname="com.webop.testcases.Booking_flow_testcases_60_80" name="Booked_Job_66" time="0.000">
    <skipped/>
  </testcase> <!-- Booked_Job_66 -->
  <testcase classname="com.webop.testcases.Booking_flow_testcases_60_80" name="Booked_Job_67" time="0.000">
    <skipped/>
  </testcase> <!-- Booked_Job_67 -->
  <testcase classname="com.webop.testcases.Booking_flow_testcases_60_80" name="Booked_Job_68" time="0.000">
    <skipped/>
  </testcase> <!-- Booked_Job_68 -->
  <testcase classname="com.webop.testcases.Booking_flow_testcases_60_80" name="Booked_Job_69" time="0.000">
    <skipped/>
  </testcase> <!-- Booked_Job_69 -->
  <testcase classname="com.webop.testcases.Booking_flow_testcases_60_80" name="Booked_Job_70" time="0.000">
    <skipped/>
  </testcase> <!-- Booked_Job_70 -->
  <testcase classname="com.webop.testcases.Booking_flow_testcases_60_80" name="Booked_Job_71" time="0.000">
    <skipped/>
  </testcase> <!-- Booked_Job_71 -->
  <testcase classname="com.webop.testcases.Booking_flow_testcases_60_80" name="Booked_Job_72" time="0.000">
    <skipped/>
  </testcase> <!-- Booked_Job_72 -->
  <testcase classname="com.webop.testcases.Booking_flow_testcases_60_80" name="Booked_Job_73" time="0.000">
    <skipped/>
  </testcase> <!-- Booked_Job_73 -->
  <testcase classname="com.webop.testcases.Booking_flow_testcases_60_80" name="Booked_Job_74" time="0.000">
    <skipped/>
  </testcase> <!-- Booked_Job_74 -->
  <testcase classname="com.webop.testcases.Booking_flow_testcases_60_80" name="Booked_Job_75" time="0.000">
    <skipped/>
  </testcase> <!-- Booked_Job_75 -->
  <testcase classname="com.webop.testcases.Booking_flow_testcases_60_80" name="Booked_Job_76" time="0.000">
    <skipped/>
  </testcase> <!-- Booked_Job_76 -->
  <testcase classname="com.webop.testcases.Booking_flow_testcases_60_80" name="Booked_Job_77" time="0.000">
    <skipped/>
  </testcase> <!-- Booked_Job_77 -->
  <testcase classname="com.webop.testcases.Booking_flow_testcases_60_80" name="Booked_Job_78" time="0.000">
    <skipped/>
  </testcase> <!-- Booked_Job_78 -->
  <testcase classname="com.webop.testcases.Booking_flow_testcases_60_80" name="Booked_Job_79" time="0.000">
    <skipped/>
  </testcase> <!-- Booked_Job_79 -->
  <testcase classname="com.webop.testcases.Booking_flow_testcases_60_80" name="Booked_Job_80" time="0.000">
    <skipped/>
  </testcase> <!-- Booked_Job_80 -->
</testsuite> <!-- com.webop.testcases.Booking_flow_testcases_60_80 -->
