<?xml version="1.0" encoding="UTF-8"?>
<!-- Generated by org.testng.reporters.JUnitReportReporter -->
<testsuite hostname="DESKTOP-34EGUV4" failures="0" tests="20" name="com.webop.testcases.Booking_flow_testcases_181_200" time="0.000" errors="0" timestamp="2022-07-01T22:01:09 PKT" skipped="20">
  <testcase classname="com.webop.testcases.Booking_flow_testcases_181_200" name="Booked_Job_181" time="0.000">
    <skipped/>
  </testcase> <!-- Booked_Job_181 -->
  <testcase classname="com.webop.testcases.Booking_flow_testcases_181_200" name="Booked_Job_182" time="0.000">
    <skipped/>
  </testcase> <!-- Booked_Job_182 -->
  <testcase classname="com.webop.testcases.Booking_flow_testcases_181_200" name="Booked_Job_183" time="0.000">
    <skipped/>
  </testcase> <!-- Booked_Job_183 -->
  <testcase classname="com.webop.testcases.Booking_flow_testcases_181_200" name="Booked_Job_184" time="0.000">
    <skipped/>
  </testcase> <!-- Booked_Job_184 -->
  <testcase classname="com.webop.testcases.Booking_flow_testcases_181_200" name="Booked_Job_185" time="0.000">
    <skipped/>
  </testcase> <!-- Booked_Job_185 -->
  <testcase classname="com.webop.testcases.Booking_flow_testcases_181_200" name="Booked_Job_186" time="0.000">
    <skipped/>
  </testcase> <!-- Booked_Job_186 -->
  <testcase classname="com.webop.testcases.Booking_flow_testcases_181_200" name="Booked_Job_187" time="0.000">
    <skipped/>
  </testcase> <!-- Booked_Job_187 -->
  <testcase classname="com.webop.testcases.Booking_flow_testcases_181_200" name="Booked_Job_188" time="0.000">
    <skipped/>
  </testcase> <!-- Booked_Job_188 -->
  <testcase classname="com.webop.testcases.Booking_flow_testcases_181_200" name="Booked_Job_189" time="0.000">
    <skipped/>
  </testcase> <!-- Booked_Job_189 -->
  <testcase classname="com.webop.testcases.Booking_flow_testcases_181_200" name="Booked_Job_190" time="0.000">
    <skipped/>
  </testcase> <!-- Booked_Job_190 -->
  <testcase classname="com.webop.testcases.Booking_flow_testcases_181_200" name="Booked_Job_191" time="0.000">
    <skipped/>
  </testcase> <!-- Booked_Job_191 -->
  <testcase classname="com.webop.testcases.Booking_flow_testcases_181_200" name="Booked_Job_192" time="0.000">
    <skipped/>
  </testcase> <!-- Booked_Job_192 -->
  <testcase classname="com.webop.testcases.Booking_flow_testcases_181_200" name="Booked_Job_193" time="0.000">
    <skipped/>
  </testcase> <!-- Booked_Job_193 -->
  <testcase classname="com.webop.testcases.Booking_flow_testcases_181_200" name="Booked_Job_194" time="0.000">
    <skipped/>
  </testcase> <!-- Booked_Job_194 -->
  <testcase classname="com.webop.testcases.Booking_flow_testcases_181_200" name="Booked_Job_195" time="0.000">
    <skipped/>
  </testcase> <!-- Booked_Job_195 -->
  <testcase classname="com.webop.testcases.Booking_flow_testcases_181_200" name="Booked_Job_196" time="0.000">
    <skipped/>
  </testcase> <!-- Booked_Job_196 -->
  <testcase classname="com.webop.testcases.Booking_flow_testcases_181_200" name="Booked_Job_197" time="0.000">
    <skipped/>
  </testcase> <!-- Booked_Job_197 -->
  <testcase classname="com.webop.testcases.Booking_flow_testcases_181_200" name="Booked_Job_198" time="0.000">
    <skipped/>
  </testcase> <!-- Booked_Job_198 -->
  <testcase classname="com.webop.testcases.Booking_flow_testcases_181_200" name="Booked_Job_199" time="0.000">
    <skipped/>
  </testcase> <!-- Booked_Job_199 -->
  <testcase classname="com.webop.testcases.Booking_flow_testcases_181_200" name="Booked_Job_200" time="0.000">
    <skipped/>
  </testcase> <!-- Booked_Job_200 -->
</testsuite> <!-- com.webop.testcases.Booking_flow_testcases_181_200 -->
