<?xml version="1.0" encoding="UTF-8"?>
<!-- Generated by org.testng.reporters.JUnitReportReporter -->
<testsuite hostname="DESKTOP-34EGUV4" failures="0" tests="20" name="com.webop.testcases.Booking_flow_testcases_101_120" time="0.000" errors="0" timestamp="2022-07-01T22:01:09 PKT" skipped="20">
  <testcase classname="com.webop.testcases.Booking_flow_testcases_101_120" name="Booked_Job_with_Normal_flow_101" time="0.000">
    <skipped/>
  </testcase> <!-- Booked_Job_with_Normal_flow_101 -->
  <testcase classname="com.webop.testcases.Booking_flow_testcases_101_120" name="Booked_Job_102" time="0.000">
    <skipped/>
  </testcase> <!-- Booked_Job_102 -->
  <testcase classname="com.webop.testcases.Booking_flow_testcases_101_120" name="Booked_Job_103" time="0.000">
    <skipped/>
  </testcase> <!-- Booked_Job_103 -->
  <testcase classname="com.webop.testcases.Booking_flow_testcases_101_120" name="Booked_Job_104" time="0.000">
    <skipped/>
  </testcase> <!-- Booked_Job_104 -->
  <testcase classname="com.webop.testcases.Booking_flow_testcases_101_120" name="Booked_Job_105" time="0.000">
    <skipped/>
  </testcase> <!-- Booked_Job_105 -->
  <testcase classname="com.webop.testcases.Booking_flow_testcases_101_120" name="Booked_Job_106" time="0.000">
    <skipped/>
  </testcase> <!-- Booked_Job_106 -->
  <testcase classname="com.webop.testcases.Booking_flow_testcases_101_120" name="Booked_Job_107" time="0.000">
    <skipped/>
  </testcase> <!-- Booked_Job_107 -->
  <testcase classname="com.webop.testcases.Booking_flow_testcases_101_120" name="Booked_Job_108" time="0.000">
    <skipped/>
  </testcase> <!-- Booked_Job_108 -->
  <testcase classname="com.webop.testcases.Booking_flow_testcases_101_120" name="Booked_Job_109" time="0.000">
    <skipped/>
  </testcase> <!-- Booked_Job_109 -->
  <testcase classname="com.webop.testcases.Booking_flow_testcases_101_120" name="Booked_Job_110" time="0.000">
    <skipped/>
  </testcase> <!-- Booked_Job_110 -->
  <testcase classname="com.webop.testcases.Booking_flow_testcases_101_120" name="Booked_Job_111" time="0.000">
    <skipped/>
  </testcase> <!-- Booked_Job_111 -->
  <testcase classname="com.webop.testcases.Booking_flow_testcases_101_120" name="Booked_Job_112" time="0.000">
    <skipped/>
  </testcase> <!-- Booked_Job_112 -->
  <testcase classname="com.webop.testcases.Booking_flow_testcases_101_120" name="Booked_Job_113" time="0.000">
    <skipped/>
  </testcase> <!-- Booked_Job_113 -->
  <testcase classname="com.webop.testcases.Booking_flow_testcases_101_120" name="Booked_Job_114" time="0.000">
    <skipped/>
  </testcase> <!-- Booked_Job_114 -->
  <testcase classname="com.webop.testcases.Booking_flow_testcases_101_120" name="Booked_Job_115" time="0.000">
    <skipped/>
  </testcase> <!-- Booked_Job_115 -->
  <testcase classname="com.webop.testcases.Booking_flow_testcases_101_120" name="Booked_Job_116" time="0.000">
    <skipped/>
  </testcase> <!-- Booked_Job_116 -->
  <testcase classname="com.webop.testcases.Booking_flow_testcases_101_120" name="Booked_Job_117" time="0.000">
    <skipped/>
  </testcase> <!-- Booked_Job_117 -->
  <testcase classname="com.webop.testcases.Booking_flow_testcases_101_120" name="Booked_Job_118" time="0.000">
    <skipped/>
  </testcase> <!-- Booked_Job_118 -->
  <testcase classname="com.webop.testcases.Booking_flow_testcases_101_120" name="Booked_Job_119" time="0.000">
    <skipped/>
  </testcase> <!-- Booked_Job_119 -->
  <testcase classname="com.webop.testcases.Booking_flow_testcases_101_120" name="Booked_Job_120" time="0.000">
    <skipped/>
  </testcase> <!-- Booked_Job_120 -->
</testsuite> <!-- com.webop.testcases.Booking_flow_testcases_101_120 -->
