<?xml version="1.0" encoding="UTF-8"?>
<!-- Generated by org.testng.reporters.JUnitReportReporter -->
<testsuite skipped="0" hostname="DESKTOP-CSMSJ8J" name="com.webop.testcases.Booking_flow_testcases" tests="13" failures="0" timestamp="2021-04-28T17:19:43 PKT" time="478.622" errors="0">
  <testcase name="Emerald_Lunched" time="34.382" classname="com.webop.testcases.Booking_flow_testcases"/>
  <testcase name="valid_login" time="10.621" classname="com.webop.testcases.Booking_flow_testcases"/>
  <testcase name="Booked_Job_with_Normal_flow_1" time="44.615" classname="com.webop.testcases.Booking_flow_testcases"/>
  <testcase name="Booked_Job_2" time="34.142" classname="com.webop.testcases.Booking_flow_testcases"/>
  <testcase name="Booked_Job_3" time="34.110" classname="com.webop.testcases.Booking_flow_testcases"/>
  <testcase name="Booked_Job_4" time="34.593" classname="com.webop.testcases.Booking_flow_testcases"/>
  <testcase name="Booked_Job_5" time="40.625" classname="com.webop.testcases.Booking_flow_testcases"/>
  <testcase name="Booked_Job_6" time="40.801" classname="com.webop.testcases.Booking_flow_testcases"/>
  <testcase name="Booked_Job_7" time="41.176" classname="com.webop.testcases.Booking_flow_testcases"/>
  <testcase name="Booked_Job_8" time="40.829" classname="com.webop.testcases.Booking_flow_testcases"/>
  <testcase name="Booked_Job_9" time="40.649" classname="com.webop.testcases.Booking_flow_testcases"/>
  <testcase name="Booked_Job_10" time="41.278" classname="com.webop.testcases.Booking_flow_testcases"/>
  <testcase name="Booked_Job_11" time="40.801" classname="com.webop.testcases.Booking_flow_testcases"/>
</testsuite> <!-- com.webop.testcases.Booking_flow_testcases -->
