<?xml version="1.0" encoding="UTF-8"?>
<!-- Generated by org.testng.reporters.JUnitReportReporter -->
<testsuite hostname="DESKTOP-34EGUV4" failures="0" tests="20" name="com.webop.testcases.Booking_flow_testcases_81_100" time="0.000" errors="0" timestamp="2022-07-01T22:01:09 PKT" skipped="20">
  <testcase classname="com.webop.testcases.Booking_flow_testcases_81_100" name="Booked_Job_81" time="0.000">
    <skipped/>
  </testcase> <!-- Booked_Job_81 -->
  <testcase classname="com.webop.testcases.Booking_flow_testcases_81_100" name="Booked_Job_82" time="0.000">
    <skipped/>
  </testcase> <!-- Booked_Job_82 -->
  <testcase classname="com.webop.testcases.Booking_flow_testcases_81_100" name="Booked_Job_83" time="0.000">
    <skipped/>
  </testcase> <!-- Booked_Job_83 -->
  <testcase classname="com.webop.testcases.Booking_flow_testcases_81_100" name="Booked_Job_84" time="0.000">
    <skipped/>
  </testcase> <!-- Booked_Job_84 -->
  <testcase classname="com.webop.testcases.Booking_flow_testcases_81_100" name="Booked_Job_85" time="0.000">
    <skipped/>
  </testcase> <!-- Booked_Job_85 -->
  <testcase classname="com.webop.testcases.Booking_flow_testcases_81_100" name="Booked_Job_86" time="0.000">
    <skipped/>
  </testcase> <!-- Booked_Job_86 -->
  <testcase classname="com.webop.testcases.Booking_flow_testcases_81_100" name="Booked_Job_87" time="0.000">
    <skipped/>
  </testcase> <!-- Booked_Job_87 -->
  <testcase classname="com.webop.testcases.Booking_flow_testcases_81_100" name="Booked_Job_88" time="0.000">
    <skipped/>
  </testcase> <!-- Booked_Job_88 -->
  <testcase classname="com.webop.testcases.Booking_flow_testcases_81_100" name="Booked_Job_89" time="0.000">
    <skipped/>
  </testcase> <!-- Booked_Job_89 -->
  <testcase classname="com.webop.testcases.Booking_flow_testcases_81_100" name="Booked_Job_90" time="0.000">
    <skipped/>
  </testcase> <!-- Booked_Job_90 -->
  <testcase classname="com.webop.testcases.Booking_flow_testcases_81_100" name="Booked_Job_91" time="0.000">
    <skipped/>
  </testcase> <!-- Booked_Job_91 -->
  <testcase classname="com.webop.testcases.Booking_flow_testcases_81_100" name="Booked_Job_92" time="0.000">
    <skipped/>
  </testcase> <!-- Booked_Job_92 -->
  <testcase classname="com.webop.testcases.Booking_flow_testcases_81_100" name="Booked_Job_93" time="0.000">
    <skipped/>
  </testcase> <!-- Booked_Job_93 -->
  <testcase classname="com.webop.testcases.Booking_flow_testcases_81_100" name="Booked_Job_94" time="0.000">
    <skipped/>
  </testcase> <!-- Booked_Job_94 -->
  <testcase classname="com.webop.testcases.Booking_flow_testcases_81_100" name="Booked_Job_95" time="0.000">
    <skipped/>
  </testcase> <!-- Booked_Job_95 -->
  <testcase classname="com.webop.testcases.Booking_flow_testcases_81_100" name="Booked_Job_96" time="0.000">
    <skipped/>
  </testcase> <!-- Booked_Job_96 -->
  <testcase classname="com.webop.testcases.Booking_flow_testcases_81_100" name="Booked_Job_97" time="0.000">
    <skipped/>
  </testcase> <!-- Booked_Job_97 -->
  <testcase classname="com.webop.testcases.Booking_flow_testcases_81_100" name="Booked_Job_98" time="0.000">
    <skipped/>
  </testcase> <!-- Booked_Job_98 -->
  <testcase classname="com.webop.testcases.Booking_flow_testcases_81_100" name="Booked_Job_99" time="0.000">
    <skipped/>
  </testcase> <!-- Booked_Job_99 -->
  <testcase classname="com.webop.testcases.Booking_flow_testcases_81_100" name="Booked_Job_100" time="0.000">
    <skipped/>
  </testcase> <!-- Booked_Job_100 -->
</testsuite> <!-- com.webop.testcases.Booking_flow_testcases_81_100 -->
