<?xml version="1.0" encoding="UTF-8"?>
<!-- Generated by org.testng.reporters.JUnitReportReporter -->
<testsuite hostname="DESKTOP-34EGUV4" failures="0" tests="20" name="com.webop.testcases.Booking_flow_testcases_141_160" time="0.000" errors="0" timestamp="2022-07-01T22:01:09 PKT" skipped="20">
  <testcase classname="com.webop.testcases.Booking_flow_testcases_141_160" name="Booked_Job_141" time="0.000">
    <skipped/>
  </testcase> <!-- Booked_Job_141 -->
  <testcase classname="com.webop.testcases.Booking_flow_testcases_141_160" name="Booked_Job_142" time="0.000">
    <skipped/>
  </testcase> <!-- Booked_Job_142 -->
  <testcase classname="com.webop.testcases.Booking_flow_testcases_141_160" name="Booked_Job_143" time="0.000">
    <skipped/>
  </testcase> <!-- Booked_Job_143 -->
  <testcase classname="com.webop.testcases.Booking_flow_testcases_141_160" name="Booked_Job_144" time="0.000">
    <skipped/>
  </testcase> <!-- Booked_Job_144 -->
  <testcase classname="com.webop.testcases.Booking_flow_testcases_141_160" name="Booked_Job_145" time="0.000">
    <skipped/>
  </testcase> <!-- Booked_Job_145 -->
  <testcase classname="com.webop.testcases.Booking_flow_testcases_141_160" name="Booked_Job_146" time="0.000">
    <skipped/>
  </testcase> <!-- Booked_Job_146 -->
  <testcase classname="com.webop.testcases.Booking_flow_testcases_141_160" name="Booked_Job_147" time="0.000">
    <skipped/>
  </testcase> <!-- Booked_Job_147 -->
  <testcase classname="com.webop.testcases.Booking_flow_testcases_141_160" name="Booked_Job_148" time="0.000">
    <skipped/>
  </testcase> <!-- Booked_Job_148 -->
  <testcase classname="com.webop.testcases.Booking_flow_testcases_141_160" name="Booked_Job_149" time="0.000">
    <skipped/>
  </testcase> <!-- Booked_Job_149 -->
  <testcase classname="com.webop.testcases.Booking_flow_testcases_141_160" name="Booked_Job_150" time="0.000">
    <skipped/>
  </testcase> <!-- Booked_Job_150 -->
  <testcase classname="com.webop.testcases.Booking_flow_testcases_141_160" name="Booked_Job_151" time="0.000">
    <skipped/>
  </testcase> <!-- Booked_Job_151 -->
  <testcase classname="com.webop.testcases.Booking_flow_testcases_141_160" name="Booked_Job_152" time="0.000">
    <skipped/>
  </testcase> <!-- Booked_Job_152 -->
  <testcase classname="com.webop.testcases.Booking_flow_testcases_141_160" name="Booked_Job_153" time="0.000">
    <skipped/>
  </testcase> <!-- Booked_Job_153 -->
  <testcase classname="com.webop.testcases.Booking_flow_testcases_141_160" name="Booked_Job_154" time="0.000">
    <skipped/>
  </testcase> <!-- Booked_Job_154 -->
  <testcase classname="com.webop.testcases.Booking_flow_testcases_141_160" name="Booked_Job_155" time="0.000">
    <skipped/>
  </testcase> <!-- Booked_Job_155 -->
  <testcase classname="com.webop.testcases.Booking_flow_testcases_141_160" name="Booked_Job_156" time="0.000">
    <skipped/>
  </testcase> <!-- Booked_Job_156 -->
  <testcase classname="com.webop.testcases.Booking_flow_testcases_141_160" name="Booked_Job_157" time="0.000">
    <skipped/>
  </testcase> <!-- Booked_Job_157 -->
  <testcase classname="com.webop.testcases.Booking_flow_testcases_141_160" name="Booked_Job_158" time="0.000">
    <skipped/>
  </testcase> <!-- Booked_Job_158 -->
  <testcase classname="com.webop.testcases.Booking_flow_testcases_141_160" name="Booked_Job_159" time="0.000">
    <skipped/>
  </testcase> <!-- Booked_Job_159 -->
  <testcase classname="com.webop.testcases.Booking_flow_testcases_141_160" name="Booked_Job_160" time="0.000">
    <skipped/>
  </testcase> <!-- Booked_Job_160 -->
</testsuite> <!-- com.webop.testcases.Booking_flow_testcases_141_160 -->
