<?xml version="1.0" encoding="UTF-8"?>
<!-- Generated by org.testng.reporters.JUnitReportReporter -->
<testsuite hostname="DESKTOP-34EGUV4" failures="0" tests="20" name="com.webop.testcases.Booking_flow_testcases_121_140" time="0.000" errors="0" timestamp="2022-07-01T22:01:09 PKT" skipped="20">
  <testcase classname="com.webop.testcases.Booking_flow_testcases_121_140" name="Booked_Job_121" time="0.000">
    <skipped/>
  </testcase> <!-- Booked_Job_121 -->
  <testcase classname="com.webop.testcases.Booking_flow_testcases_121_140" name="Booked_Job_122" time="0.000">
    <skipped/>
  </testcase> <!-- Booked_Job_122 -->
  <testcase classname="com.webop.testcases.Booking_flow_testcases_121_140" name="Booked_Job_123" time="0.000">
    <skipped/>
  </testcase> <!-- Booked_Job_123 -->
  <testcase classname="com.webop.testcases.Booking_flow_testcases_121_140" name="Booked_Job_124" time="0.000">
    <skipped/>
  </testcase> <!-- Booked_Job_124 -->
  <testcase classname="com.webop.testcases.Booking_flow_testcases_121_140" name="Booked_Job_125" time="0.000">
    <skipped/>
  </testcase> <!-- Booked_Job_125 -->
  <testcase classname="com.webop.testcases.Booking_flow_testcases_121_140" name="Booked_Job_126" time="0.000">
    <skipped/>
  </testcase> <!-- Booked_Job_126 -->
  <testcase classname="com.webop.testcases.Booking_flow_testcases_121_140" name="Booked_Job_127" time="0.000">
    <skipped/>
  </testcase> <!-- Booked_Job_127 -->
  <testcase classname="com.webop.testcases.Booking_flow_testcases_121_140" name="Booked_Job_128" time="0.000">
    <skipped/>
  </testcase> <!-- Booked_Job_128 -->
  <testcase classname="com.webop.testcases.Booking_flow_testcases_121_140" name="Booked_Job_129" time="0.000">
    <skipped/>
  </testcase> <!-- Booked_Job_129 -->
  <testcase classname="com.webop.testcases.Booking_flow_testcases_121_140" name="Booked_Job_130" time="0.000">
    <skipped/>
  </testcase> <!-- Booked_Job_130 -->
  <testcase classname="com.webop.testcases.Booking_flow_testcases_121_140" name="Booked_Job_131" time="0.000">
    <skipped/>
  </testcase> <!-- Booked_Job_131 -->
  <testcase classname="com.webop.testcases.Booking_flow_testcases_121_140" name="Booked_Job_132" time="0.000">
    <skipped/>
  </testcase> <!-- Booked_Job_132 -->
  <testcase classname="com.webop.testcases.Booking_flow_testcases_121_140" name="Booked_Job_133" time="0.000">
    <skipped/>
  </testcase> <!-- Booked_Job_133 -->
  <testcase classname="com.webop.testcases.Booking_flow_testcases_121_140" name="Booked_Job_134" time="0.000">
    <skipped/>
  </testcase> <!-- Booked_Job_134 -->
  <testcase classname="com.webop.testcases.Booking_flow_testcases_121_140" name="Booked_Job_135" time="0.000">
    <skipped/>
  </testcase> <!-- Booked_Job_135 -->
  <testcase classname="com.webop.testcases.Booking_flow_testcases_121_140" name="Booked_Job_136" time="0.000">
    <skipped/>
  </testcase> <!-- Booked_Job_136 -->
  <testcase classname="com.webop.testcases.Booking_flow_testcases_121_140" name="Booked_Job_137" time="0.000">
    <skipped/>
  </testcase> <!-- Booked_Job_137 -->
  <testcase classname="com.webop.testcases.Booking_flow_testcases_121_140" name="Booked_Job_138" time="0.000">
    <skipped/>
  </testcase> <!-- Booked_Job_138 -->
  <testcase classname="com.webop.testcases.Booking_flow_testcases_121_140" name="Booked_Job_139" time="0.000">
    <skipped/>
  </testcase> <!-- Booked_Job_139 -->
  <testcase classname="com.webop.testcases.Booking_flow_testcases_121_140" name="Booked_Job_140" time="0.000">
    <skipped/>
  </testcase> <!-- Booked_Job_140 -->
</testsuite> <!-- com.webop.testcases.Booking_flow_testcases_121_140 -->
