<?xml version="1.0" encoding="UTF-8"?>
<!-- Generated by org.testng.reporters.JUnitReportReporter -->
<testsuite hostname="DESKTOP-34EGUV4" failures="0" tests="22" name="com.webop.testcases.Booking_flow_testcases_1_20" time="0.000" errors="0" timestamp="2022-07-02T21:33:45 PKT" skipped="22">
  <testcase classname="com.webop.testcases.Booking_flow_testcases_1_20" name="Emerald_Lunched" time="0.000">
    <skipped/>
  </testcase> <!-- Emerald_Lunched -->
  <testcase classname="com.webop.testcases.Booking_flow_testcases_1_20" name="valid_login" time="0.000">
    <skipped/>
  </testcase> <!-- valid_login -->
  <testcase classname="com.webop.testcases.Booking_flow_testcases_1_20" name="Booked_Job_with_Normal_flow_1" time="0.000">
    <skipped/>
  </testcase> <!-- Booked_Job_with_Normal_flow_1 -->
  <testcase classname="com.webop.testcases.Booking_flow_testcases_1_20" name="Booked_Job_2" time="0.000">
    <skipped/>
  </testcase> <!-- Booked_Job_2 -->
  <testcase classname="com.webop.testcases.Booking_flow_testcases_1_20" name="Booked_Job_3" time="0.000">
    <skipped/>
  </testcase> <!-- Booked_Job_3 -->
  <testcase classname="com.webop.testcases.Booking_flow_testcases_1_20" name="Booked_Job_4" time="0.000">
    <skipped/>
  </testcase> <!-- Booked_Job_4 -->
  <testcase classname="com.webop.testcases.Booking_flow_testcases_1_20" name="Booked_Job_5" time="0.000">
    <skipped/>
  </testcase> <!-- Booked_Job_5 -->
  <testcase classname="com.webop.testcases.Booking_flow_testcases_1_20" name="Booked_Job_6" time="0.000">
    <skipped/>
  </testcase> <!-- Booked_Job_6 -->
  <testcase classname="com.webop.testcases.Booking_flow_testcases_1_20" name="Booked_Job_7" time="0.000">
    <skipped/>
  </testcase> <!-- Booked_Job_7 -->
  <testcase classname="com.webop.testcases.Booking_flow_testcases_1_20" name="Booked_Job_8" time="0.000">
    <skipped/>
  </testcase> <!-- Booked_Job_8 -->
  <testcase classname="com.webop.testcases.Booking_flow_testcases_1_20" name="Booked_Job_9" time="0.000">
    <skipped/>
  </testcase> <!-- Booked_Job_9 -->
  <testcase classname="com.webop.testcases.Booking_flow_testcases_1_20" name="Booked_Job_10" time="0.000">
    <skipped/>
  </testcase> <!-- Booked_Job_10 -->
  <testcase classname="com.webop.testcases.Booking_flow_testcases_1_20" name="Booked_Job_11" time="0.000">
    <skipped/>
  </testcase> <!-- Booked_Job_11 -->
  <testcase classname="com.webop.testcases.Booking_flow_testcases_1_20" name="Booked_Job_12" time="0.000">
    <skipped/>
  </testcase> <!-- Booked_Job_12 -->
  <testcase classname="com.webop.testcases.Booking_flow_testcases_1_20" name="Booked_Job_13" time="0.000">
    <skipped/>
  </testcase> <!-- Booked_Job_13 -->
  <testcase classname="com.webop.testcases.Booking_flow_testcases_1_20" name="Booked_Job_14" time="0.000">
    <skipped/>
  </testcase> <!-- Booked_Job_14 -->
  <testcase classname="com.webop.testcases.Booking_flow_testcases_1_20" name="Booked_Job_15" time="0.000">
    <skipped/>
  </testcase> <!-- Booked_Job_15 -->
  <testcase classname="com.webop.testcases.Booking_flow_testcases_1_20" name="Booked_Job_16" time="0.000">
    <skipped/>
  </testcase> <!-- Booked_Job_16 -->
  <testcase classname="com.webop.testcases.Booking_flow_testcases_1_20" name="Booked_Job_17" time="0.000">
    <skipped/>
  </testcase> <!-- Booked_Job_17 -->
  <testcase classname="com.webop.testcases.Booking_flow_testcases_1_20" name="Booked_Job_18" time="0.000">
    <skipped/>
  </testcase> <!-- Booked_Job_18 -->
  <testcase classname="com.webop.testcases.Booking_flow_testcases_1_20" name="Booked_Job_19" time="0.000">
    <skipped/>
  </testcase> <!-- Booked_Job_19 -->
  <testcase classname="com.webop.testcases.Booking_flow_testcases_1_20" name="Booked_Job_20" time="0.000">
    <skipped/>
  </testcase> <!-- Booked_Job_20 -->
</testsuite> <!-- com.webop.testcases.Booking_flow_testcases_1_20 -->
