<?xml version="1.0" encoding="UTF-8"?>
<!-- Generated by org.testng.reporters.JUnitReportReporter -->
<testsuite hostname="DESKTOP-34EGUV4" failures="0" tests="20" name="com.webop.testcases.Booking_flow_testcases_161_180" time="0.000" errors="0" timestamp="2022-07-01T22:01:09 PKT" skipped="20">
  <testcase classname="com.webop.testcases.Booking_flow_testcases_161_180" name="Booked_Job_161" time="0.000">
    <skipped/>
  </testcase> <!-- Booked_Job_161 -->
  <testcase classname="com.webop.testcases.Booking_flow_testcases_161_180" name="Booked_Job_162" time="0.000">
    <skipped/>
  </testcase> <!-- Booked_Job_162 -->
  <testcase classname="com.webop.testcases.Booking_flow_testcases_161_180" name="Booked_Job_163" time="0.000">
    <skipped/>
  </testcase> <!-- Booked_Job_163 -->
  <testcase classname="com.webop.testcases.Booking_flow_testcases_161_180" name="Booked_Job_164" time="0.000">
    <skipped/>
  </testcase> <!-- Booked_Job_164 -->
  <testcase classname="com.webop.testcases.Booking_flow_testcases_161_180" name="Booked_Job_165" time="0.000">
    <skipped/>
  </testcase> <!-- Booked_Job_165 -->
  <testcase classname="com.webop.testcases.Booking_flow_testcases_161_180" name="Booked_Job_166" time="0.000">
    <skipped/>
  </testcase> <!-- Booked_Job_166 -->
  <testcase classname="com.webop.testcases.Booking_flow_testcases_161_180" name="Booked_Job_167" time="0.000">
    <skipped/>
  </testcase> <!-- Booked_Job_167 -->
  <testcase classname="com.webop.testcases.Booking_flow_testcases_161_180" name="Booked_Job_168" time="0.000">
    <skipped/>
  </testcase> <!-- Booked_Job_168 -->
  <testcase classname="com.webop.testcases.Booking_flow_testcases_161_180" name="Booked_Job_169" time="0.000">
    <skipped/>
  </testcase> <!-- Booked_Job_169 -->
  <testcase classname="com.webop.testcases.Booking_flow_testcases_161_180" name="Booked_Job_170" time="0.000">
    <skipped/>
  </testcase> <!-- Booked_Job_170 -->
  <testcase classname="com.webop.testcases.Booking_flow_testcases_161_180" name="Booked_Job_171" time="0.000">
    <skipped/>
  </testcase> <!-- Booked_Job_171 -->
  <testcase classname="com.webop.testcases.Booking_flow_testcases_161_180" name="Booked_Job_172" time="0.000">
    <skipped/>
  </testcase> <!-- Booked_Job_172 -->
  <testcase classname="com.webop.testcases.Booking_flow_testcases_161_180" name="Booked_Job_173" time="0.000">
    <skipped/>
  </testcase> <!-- Booked_Job_173 -->
  <testcase classname="com.webop.testcases.Booking_flow_testcases_161_180" name="Booked_Job_174" time="0.000">
    <skipped/>
  </testcase> <!-- Booked_Job_174 -->
  <testcase classname="com.webop.testcases.Booking_flow_testcases_161_180" name="Booked_Job_175" time="0.000">
    <skipped/>
  </testcase> <!-- Booked_Job_175 -->
  <testcase classname="com.webop.testcases.Booking_flow_testcases_161_180" name="Booked_Job_176" time="0.000">
    <skipped/>
  </testcase> <!-- Booked_Job_176 -->
  <testcase classname="com.webop.testcases.Booking_flow_testcases_161_180" name="Booked_Job_177" time="0.000">
    <skipped/>
  </testcase> <!-- Booked_Job_177 -->
  <testcase classname="com.webop.testcases.Booking_flow_testcases_161_180" name="Booked_Job_178" time="0.000">
    <skipped/>
  </testcase> <!-- Booked_Job_178 -->
  <testcase classname="com.webop.testcases.Booking_flow_testcases_161_180" name="Booked_Job_179" time="0.000">
    <skipped/>
  </testcase> <!-- Booked_Job_179 -->
  <testcase classname="com.webop.testcases.Booking_flow_testcases_161_180" name="Booked_Job_180" time="0.000">
    <skipped/>
  </testcase> <!-- Booked_Job_180 -->
</testsuite> <!-- com.webop.testcases.Booking_flow_testcases_161_180 -->
