<?xml version="1.0" encoding="UTF-8"?>
<!-- Generated by org.testng.reporters.JUnitReportReporter -->
<testsuite hostname="DESKTOP-34EGUV4" failures="0" tests="20" name="com.webop.testcases.Booking_flow_testcases_21_40" time="0.000" errors="0" timestamp="2022-07-01T22:01:09 PKT" skipped="20">
  <testcase classname="com.webop.testcases.Booking_flow_testcases_21_40" name="Booked_Job_21" time="0.000">
    <skipped/>
  </testcase> <!-- Booked_Job_21 -->
  <testcase classname="com.webop.testcases.Booking_flow_testcases_21_40" name="Booked_Job_22" time="0.000">
    <skipped/>
  </testcase> <!-- Booked_Job_22 -->
  <testcase classname="com.webop.testcases.Booking_flow_testcases_21_40" name="Booked_Job_23" time="0.000">
    <skipped/>
  </testcase> <!-- Booked_Job_23 -->
  <testcase classname="com.webop.testcases.Booking_flow_testcases_21_40" name="Booked_Job_24" time="0.000">
    <skipped/>
  </testcase> <!-- Booked_Job_24 -->
  <testcase classname="com.webop.testcases.Booking_flow_testcases_21_40" name="Booked_Job_25" time="0.000">
    <skipped/>
  </testcase> <!-- Booked_Job_25 -->
  <testcase classname="com.webop.testcases.Booking_flow_testcases_21_40" name="Booked_Job_26" time="0.000">
    <skipped/>
  </testcase> <!-- Booked_Job_26 -->
  <testcase classname="com.webop.testcases.Booking_flow_testcases_21_40" name="Booked_Job_27" time="0.000">
    <skipped/>
  </testcase> <!-- Booked_Job_27 -->
  <testcase classname="com.webop.testcases.Booking_flow_testcases_21_40" name="Booked_Job_28" time="0.000">
    <skipped/>
  </testcase> <!-- Booked_Job_28 -->
  <testcase classname="com.webop.testcases.Booking_flow_testcases_21_40" name="Booked_Job_29" time="0.000">
    <skipped/>
  </testcase> <!-- Booked_Job_29 -->
  <testcase classname="com.webop.testcases.Booking_flow_testcases_21_40" name="Booked_Job_30" time="0.000">
    <skipped/>
  </testcase> <!-- Booked_Job_30 -->
  <testcase classname="com.webop.testcases.Booking_flow_testcases_21_40" name="Booked_Job_31" time="0.000">
    <skipped/>
  </testcase> <!-- Booked_Job_31 -->
  <testcase classname="com.webop.testcases.Booking_flow_testcases_21_40" name="Booked_Job_32" time="0.000">
    <skipped/>
  </testcase> <!-- Booked_Job_32 -->
  <testcase classname="com.webop.testcases.Booking_flow_testcases_21_40" name="Booked_Job_33" time="0.000">
    <skipped/>
  </testcase> <!-- Booked_Job_33 -->
  <testcase classname="com.webop.testcases.Booking_flow_testcases_21_40" name="Booked_Job_34" time="0.000">
    <skipped/>
  </testcase> <!-- Booked_Job_34 -->
  <testcase classname="com.webop.testcases.Booking_flow_testcases_21_40" name="Booked_Job_35" time="0.000">
    <skipped/>
  </testcase> <!-- Booked_Job_35 -->
  <testcase classname="com.webop.testcases.Booking_flow_testcases_21_40" name="Booked_Job_36" time="0.000">
    <skipped/>
  </testcase> <!-- Booked_Job_36 -->
  <testcase classname="com.webop.testcases.Booking_flow_testcases_21_40" name="Booked_Job_37" time="0.000">
    <skipped/>
  </testcase> <!-- Booked_Job_37 -->
  <testcase classname="com.webop.testcases.Booking_flow_testcases_21_40" name="Booked_Job_38" time="0.000">
    <skipped/>
  </testcase> <!-- Booked_Job_38 -->
  <testcase classname="com.webop.testcases.Booking_flow_testcases_21_40" name="Booked_Job_39" time="0.000">
    <skipped/>
  </testcase> <!-- Booked_Job_39 -->
  <testcase classname="com.webop.testcases.Booking_flow_testcases_21_40" name="Booked_Job_40" time="0.000">
    <skipped/>
  </testcase> <!-- Booked_Job_40 -->
</testsuite> <!-- com.webop.testcases.Booking_flow_testcases_21_40 -->
