<?xml version="1.0" encoding="UTF-8"?>
<!-- Generated by org.testng.reporters.JUnitReportReporter -->
<testsuite hostname="DESKTOP-34EGUV4" failures="0" tests="20" name="com.webop.testcases.Booking_flow_testcases_41_60" time="0.000" errors="0" timestamp="2022-07-01T22:01:09 PKT" skipped="20">
  <testcase classname="com.webop.testcases.Booking_flow_testcases_41_60" name="Booked_Job_41" time="0.000">
    <skipped/>
  </testcase> <!-- Booked_Job_41 -->
  <testcase classname="com.webop.testcases.Booking_flow_testcases_41_60" name="Booked_Job_42" time="0.000">
    <skipped/>
  </testcase> <!-- Booked_Job_42 -->
  <testcase classname="com.webop.testcases.Booking_flow_testcases_41_60" name="Booked_Job_43" time="0.000">
    <skipped/>
  </testcase> <!-- Booked_Job_43 -->
  <testcase classname="com.webop.testcases.Booking_flow_testcases_41_60" name="Booked_Job_44" time="0.000">
    <skipped/>
  </testcase> <!-- Booked_Job_44 -->
  <testcase classname="com.webop.testcases.Booking_flow_testcases_41_60" name="Booked_Job_45" time="0.000">
    <skipped/>
  </testcase> <!-- Booked_Job_45 -->
  <testcase classname="com.webop.testcases.Booking_flow_testcases_41_60" name="Booked_Job_46" time="0.000">
    <skipped/>
  </testcase> <!-- Booked_Job_46 -->
  <testcase classname="com.webop.testcases.Booking_flow_testcases_41_60" name="Booked_Job_47" time="0.000">
    <skipped/>
  </testcase> <!-- Booked_Job_47 -->
  <testcase classname="com.webop.testcases.Booking_flow_testcases_41_60" name="Booked_Job_48" time="0.000">
    <skipped/>
  </testcase> <!-- Booked_Job_48 -->
  <testcase classname="com.webop.testcases.Booking_flow_testcases_41_60" name="Booked_Job_49" time="0.000">
    <skipped/>
  </testcase> <!-- Booked_Job_49 -->
  <testcase classname="com.webop.testcases.Booking_flow_testcases_41_60" name="Booked_Job_50" time="0.000">
    <skipped/>
  </testcase> <!-- Booked_Job_50 -->
  <testcase classname="com.webop.testcases.Booking_flow_testcases_41_60" name="Booked_Job_51" time="0.000">
    <skipped/>
  </testcase> <!-- Booked_Job_51 -->
  <testcase classname="com.webop.testcases.Booking_flow_testcases_41_60" name="Booked_Job_52" time="0.000">
    <skipped/>
  </testcase> <!-- Booked_Job_52 -->
  <testcase classname="com.webop.testcases.Booking_flow_testcases_41_60" name="Booked_Job_53" time="0.000">
    <skipped/>
  </testcase> <!-- Booked_Job_53 -->
  <testcase classname="com.webop.testcases.Booking_flow_testcases_41_60" name="Booked_Job_54" time="0.000">
    <skipped/>
  </testcase> <!-- Booked_Job_54 -->
  <testcase classname="com.webop.testcases.Booking_flow_testcases_41_60" name="Booked_Job_55" time="0.000">
    <skipped/>
  </testcase> <!-- Booked_Job_55 -->
  <testcase classname="com.webop.testcases.Booking_flow_testcases_41_60" name="Booked_Job_56" time="0.000">
    <skipped/>
  </testcase> <!-- Booked_Job_56 -->
  <testcase classname="com.webop.testcases.Booking_flow_testcases_41_60" name="Booked_Job_57" time="0.000">
    <skipped/>
  </testcase> <!-- Booked_Job_57 -->
  <testcase classname="com.webop.testcases.Booking_flow_testcases_41_60" name="Booked_Job_58" time="0.000">
    <skipped/>
  </testcase> <!-- Booked_Job_58 -->
  <testcase classname="com.webop.testcases.Booking_flow_testcases_41_60" name="Booked_Job_59" time="0.000">
    <skipped/>
  </testcase> <!-- Booked_Job_59 -->
  <testcase classname="com.webop.testcases.Booking_flow_testcases_41_60" name="Booked_Job_60" time="0.000">
    <skipped/>
  </testcase> <!-- Booked_Job_60 -->
</testsuite> <!-- com.webop.testcases.Booking_flow_testcases_41_60 -->
